# JRE version: Java(TM) SE Runtime Environment (8.0_161-b12) (build 1.8.0_161-b12)
# Java VM: Java HotSpot(TM) 64-Bit Server VM (25.161-b12 mixed mode windows-amd64 compressed oops)
Heap:
 PSYoungGen      total 373760K, used 346247K [0x0000000780980000, 0x0000000798580000, 0x00000007c0000000)
  eden space 362496K, 95% used [0x0000000780980000,0x0000000795ba1d88,0x0000000796b80000)
  from space 11264K, 0% used [0x0000000797a00000,0x0000000797a00000,0x0000000798500000)
  to   space 13312K, 0% used [0x0000000796b80000,0x0000000796b80000,0x0000000797880000)
 ParOldGen       total 60416K, used 16511K [0x0000000701c00000, 0x0000000705700000, 0x0000000780980000)
  object space 60416K, 27% used [0x0000000701c00000,0x0000000702c1fd90,0x0000000705700000)
 Metaspace       used 52097K, capacity 53990K, committed 54140K, reserved 1095680K
  class space    used 7134K, capacity 7484K, committed 7548K, reserved 1048576K
GC Heap History (10 events):
Event: 2.212 GC heap before
{Heap before GC invocations=6 (full 0):
 PSYoungGen      total 106496K, used 10286K [0x0000000780980000, 0x000000078da80000, 0x00000007c0000000)
  eden space 98304K, 5% used [0x0000000780980000,0x0000000780e67ff8,0x0000000786980000)
  from space 8192K, 64% used [0x0000000786980000,0x0000000786ea3840,0x0000000787180000)
  to   space 8704K, 0% used [0x000000078d200000,0x000000078d200000,0x000000078da80000)
 ParOldGen       total 131072K, used 48K [0x0000000701c00000, 0x0000000709c00000, 0x0000000780980000)
  object space 131072K, 0% used [0x0000000701c00000,0x0000000701c0c000,0x0000000709c00000)
 Metaspace       used 21321K, capacity 21832K, committed 21960K, reserved 1069056K
  class space    used 2741K, capacity 2881K, committed 2940K, reserved 1048576K
Event: 2.218 GC heap after
Heap after GC invocations=6 (full 0):
 PSYoungGen      total 204288K, used 5303K [0x0000000780980000, 0x000000078d980000, 0x00000007c0000000)
  eden space 196608K, 0% used [0x0000000780980000,0x0000000780980000,0x000000078c980000)
  from space 7680K, 69% used [0x000000078d200000,0x000000078d72dfb0,0x000000078d980000)
  to   space 8192K, 0% used [0x000000078c980000,0x000000078c980000,0x000000078d180000)
 ParOldGen       total 131072K, used 56K [0x0000000701c00000, 0x0000000709c00000, 0x0000000780980000)
  object space 131072K, 0% used [0x0000000701c00000,0x0000000701c0e000,0x0000000709c00000)
 Metaspace       used 21321K, capacity 21832K, committed 21960K, reserved 1069056K
  class space    used 2741K, capacity 2881K, committed 2940K, reserved 1048576K
}
Event: 2.219 GC heap before
{Heap before GC invocations=7 (full 1):
 PSYoungGen      total 204288K, used 5303K [0x0000000780980000, 0x000000078d980000, 0x00000007c0000000)
  eden space 196608K, 0% used [0x0000000780980000,0x0000000780980000,0x000000078c980000)
  from space 7680K, 69% used [0x000000078d200000,0x000000078d72dfb0,0x000000078d980000)
  to   space 8192K, 0% used [0x000000078c980000,0x000000078c980000,0x000000078d180000)
 ParOldGen       total 131072K, used 56K [0x0000000701c00000, 0x0000000709c00000, 0x0000000780980000)
  object space 131072K, 0% used [0x0000000701c00000,0x0000000701c0e000,0x0000000709c00000)
 Metaspace       used 21321K, capacity 21832K, committed 21960K, reserved 1069056K
  class space    used 2741K, capacity 2881K, committed 2940K, reserved 1048576K
Event: 2.248 GC heap after
Heap after GC invocations=7 (full 1):
 PSYoungGen      total 204288K, used 0K [0x0000000780980000, 0x000000078d980000, 0x00000007c0000000)
  eden space 196608K, 0% used [0x0000000780980000,0x0000000780980000,0x000000078c980000)
  from space 7680K, 0% used [0x000000078d200000,0x000000078d200000,0x000000078d980000)
  to   space 8192K, 0% used [0x000000078c980000,0x000000078c980000,0x000000078d180000)
 ParOldGen       total 60416K, used 5231K [0x0000000701c00000, 0x0000000705700000, 0x0000000780980000)
  object space 60416K, 8% used [0x0000000701c00000,0x000000070211bf20,0x0000000705700000)
 Metaspace       used 21321K, capacity 21832K, committed 21960K, reserved 1069056K
  class space    used 2741K, capacity 2881K, committed 2940K, reserved 1048576K
}
Event: 3.767 GC heap before
{Heap before GC invocations=8 (full 1):
 PSYoungGen      total 204288K, used 196608K [0x0000000780980000, 0x000000078d980000, 0x00000007c0000000)
  eden space 196608K, 100% used [0x0000000780980000,0x000000078c980000,0x000000078c980000)
  from space 7680K, 0% used [0x000000078d200000,0x000000078d200000,0x000000078d980000)
  to   space 8192K, 0% used [0x000000078c980000,0x000000078c980000,0x000000078d180000)
 ParOldGen       total 60416K, used 5231K [0x0000000701c00000, 0x0000000705700000, 0x0000000780980000)
  object space 60416K, 8% used [0x0000000701c00000,0x000000070211bf20,0x0000000705700000)
 Metaspace       used 30151K, capacity 31142K, committed 31356K, reserved 1077248K
  class space    used 3889K, capacity 4110K, committed 4220K, reserved 1048576K
Event: 3.780 GC heap after
Heap after GC invocations=8 (full 1):
 PSYoungGen      total 204800K, used 8171K [0x0000000780980000, 0x0000000798500000, 0x00000007c0000000)
  eden space 196608K, 0% used [0x0000000780980000,0x0000000780980000,0x000000078c980000)
  from space 8192K, 99% used [0x000000078c980000,0x000000078d17ad88,0x000000078d180000)
  to   space 11264K, 0% used [0x0000000797a00000,0x0000000797a00000,0x0000000798500000)
 ParOldGen       total 60416K, used 9825K [0x0000000701c00000, 0x0000000705700000, 0x0000000780980000)
  object space 60416K, 16% used [0x0000000701c00000,0x0000000702598440,0x0000000705700000)
 Metaspace       used 30151K, capacity 31142K, committed 31356K, reserved 1077248K
  class space    used 3889K, capacity 4110K, committed 4220K, reserved 1048576K
}
Event: 4.325 GC heap before
{Heap before GC invocations=9 (full 1):
 PSYoungGen      total 204800K, used 72749K [0x0000000780980000, 0x0000000798500000, 0x00000007c0000000)
  eden space 196608K, 32% used [0x0000000780980000,0x0000000784890a38,0x000000078c980000)
  from space 8192K, 99% used [0x000000078c980000,0x000000078d17ad88,0x000000078d180000)
  to   space 11264K, 0% used [0x0000000797a00000,0x0000000797a00000,0x0000000798500000)
 ParOldGen       total 60416K, used 9825K [0x0000000701c00000, 0x0000000705700000, 0x0000000780980000)
  object space 60416K, 16% used [0x0000000701c00000,0x0000000702598440,0x0000000705700000)
 Metaspace       used 35417K, capacity 36536K, committed 36600K, reserved 1081344K
  class space    used 4469K, capacity 4727K, committed 4732K, reserved 1048576K
Event: 4.347 GC heap after
Heap after GC invocations=9 (full 1):
 PSYoungGen      total 373760K, used 11242K [0x0000000780980000, 0x0000000798580000, 0x00000007c0000000)
  eden space 362496K, 0% used [0x0000000780980000,0x0000000780980000,0x0000000796b80000)
  from space 11264K, 99% used [0x0000000797a00000,0x00000007984fa808,0x0000000798500000)
  to   space 13312K, 0% used [0x0000000796b80000,0x0000000796b80000,0x0000000797880000)
 ParOldGen       total 60416K, used 10592K [0x0000000701c00000, 0x0000000705700000, 0x0000000780980000)
  object space 60416K, 17% used [0x0000000701c00000,0x0000000702658350,0x0000000705700000)
 Metaspace       used 35417K, capacity 36536K, committed 36600K, reserved 1081344K
  class space    used 4469K, capacity 4727K, committed 4732K, reserved 1048576K
}
Event: 4.347 GC heap before
{Heap before GC invocations=10 (full 2):
 PSYoungGen      total 373760K, used 11242K [0x0000000780980000, 0x0000000798580000, 0x00000007c0000000)
  eden space 362496K, 0% used [0x0000000780980000,0x0000000780980000,0x0000000796b80000)
  from space 11264K, 99% used [0x0000000797a00000,0x00000007984fa808,0x0000000798500000)
  to   space 13312K, 0% used [0x0000000796b80000,0x0000000796b80000,0x0000000797880000)
 ParOldGen       total 60416K, used 10592K [0x0000000701c00000, 0x0000000705700000, 0x0000000780980000)
  object space 60416K, 17% used [0x0000000701c00000,0x0000000702658350,0x0000000705700000)
 Metaspace       used 35417K, capacity 36536K, committed 36600K, reserved 1081344K
  class space    used 4469K, capacity 4727K, committed 4732K, reserved 1048576K
Event: 4.408 GC heap after
Heap after GC invocations=10 (full 2):
 PSYoungGen      total 373760K, used 0K [0x0000000780980000, 0x0000000798580000, 0x00000007c0000000)
  eden space 362496K, 0% used [0x0000000780980000,0x0000000780980000,0x0000000796b80000)
  from space 11264K, 0% used [0x0000000797a00000,0x0000000797a00000,0x0000000798500000)
  to   space 13312K, 0% used [0x0000000796b80000,0x0000000796b80000,0x0000000797880000)
 ParOldGen       total 60416K, used 16511K [0x0000000701c00000, 0x0000000705700000, 0x0000000780980000)
  object space 60416K, 27% used [0x0000000701c00000,0x0000000702c1fd90,0x0000000705700000)
 Metaspace       used 35417K, capacity 36536K, committed 36600K, reserved 1081344K
  class space    used 4469K, capacity 4727K, committed 4732K, reserved 1048576K
}

